<?xml version="1.0" encoding="UTF-8"?>
<testsuite xmlns:xsi="http://www.w3.org/2001/XMLSchema-instance" xsi:schemaLocation="https://maven.apache.org/surefire/maven-surefire-plugin/xsd/surefire-test-report.xsd" name="TestSuite" time="20.279" tests="13" errors="0" skipped="0" failures="0">
  <properties>
[...]
</properties>
  <testcase name="mtest6" classname="smoketestcases.webtestcases" time="10.549"/>
  <testcase name="test1" classname="smoketestcases.webtestcases" time="0"/>
  <testcase name="test2" classname="smoketestcases.webtestcases" time="0.001"/>
  <testcase name="test3" classname="smoketestcases.webtestcases" time="0"/>
  <testcase name="test4" classname="smoketestcases.webtestcases" time="0"/>
  <testcase name="test5" classname="smoketestcases.webtestcases" time="0"/>
  <testcase name="test6" classname="smoketestcases.webtestcases" time="0"/>
  <testcase name="mtest1" classname="mobiletestcases.MobileTestCases" time="0"/>
  <testcase name="mtest2" classname="mobiletestcases.MobileTestCases" time="0.001"/>
  <testcase name="mtest3" classname="mobiletestcases.MobileTestCases" time="0"/>
  <testcase name="mtest4" classname="mobiletestcases.MobileTestCases" time="0.001"/>
  <testcase name="mtest5" classname="mobiletestcases.MobileTestCases" time="0"/>
  <testcase name="mtest6" classname="mobiletestcases.MobileTestCases" time="8.736"/>
</testsuite>