<?xml version="1.0" encoding="UTF-8"?>
<!-- Generated by org.testng.reporters.JUnitXMLReporter -->
<testsuite hostname="LAPTOP-692M1IJE" name="Smoke Tests" tests="13" failures="0" timestamp="30 Aug 2016 00:18:48 GMT" time="19.321" errors="0">
  <testcase name="mtest6" time="10.538" classname="smoketestcases.webtestcases"/>
  <testcase name="test1" time="0.001" classname="smoketestcases.webtestcases"/>
  <testcase name="test2" time="0.0" classname="smoketestcases.webtestcases"/>
  <testcase name="test3" time="0.0" classname="smoketestcases.webtestcases"/>
  <testcase name="test4" time="0.0" classname="smoketestcases.webtestcases"/>
  <testcase name="test5" time="0.0" classname="smoketestcases.webtestcases"/>
  <testcase name="test6" time="0.0" classname="smoketestcases.webtestcases"/>
  <testcase name="mtest1" time="0.001" classname="mobiletestcases.MobileTestCases"/>
  <testcase name="mtest2" time="0.0" classname="mobiletestcases.MobileTestCases"/>
  <testcase name="mtest3" time="0.0" classname="mobiletestcases.MobileTestCases"/>
  <testcase name="mtest4" time="0.0" classname="mobiletestcases.MobileTestCases"/>
  <testcase name="mtest5" time="0.0" classname="mobiletestcases.MobileTestCases"/>
  <testcase name="mtest6" time="8.749" classname="mobiletestcases.MobileTestCases"/>
</testsuite> <!-- Smoke Tests -->
